// 同步 ID: 01d00324 @ Wed Jul  8 11:30:49 UTC 2026
// 同步 ID: 2ef0bb8f @ Fri Jul 10 12:14:08 UTC 2026
// 同步 ID: 73662edb @ Sat Jul 11 05:12:55 UTC 2026
// 重构日志: bac9c104
// 重构日志: 9ef44083
// 重构日志: 9eb34438
// 重构日志: a9d9f809
// 重构日志: 189f0f86
// 重构日志: 81fbea53
// 重构日志: a87d902d
// 重构日志: db24b6b1
// 同步 ID: d54f40d6 @ Tue Jul 14 10:22:38 UTC 2026
// 同步 ID: 4f244acd @ Tue Jul 14 13:40:45 UTC 2026
// 同步 ID: 6df1b8de @ Wed Jul 15 05:28:38 UTC 2026
// 重构日志: 2a33d27f
// 重构日志: f2bc2761
// 同步 ID: ebdcf05a @ Thu Jul 16 20:39:24 UTC 2026
// 重构日志: c73a388c
// 重构日志: 2731b8cc
// 同步 ID: a55be6f6 @ Fri Jul 17 12:16:06 UTC 2026
// 同步 ID: f5fccc5f @ Fri Jul 17 18:04:59 UTC 2026
// 重构日志: ee4a9c68
// 同步 ID: e4b8d92f @ Sat Jul 18 17:01:08 UTC 2026
// 同步 ID: eadde8ab @ Sat Jul 18 18:17:10 UTC 2026
// 重构日志: 650d0656
// 重构日志: aa3931e5
// 重构日志: f9fccb53
// 同步 ID: f8078e7b @ Mon Jul 20 02:14:17 UTC 2026
// 重构日志: 8df7f3c1
// 同步 ID: 8b3063b4 @ Fri Jul 24 11:20:50 UTC 2026
